Running tests...
Test project /home/mihai/eMTC/build
        Start   1: chest_test_dl_cellid0
  1/456 Test   #1: chest_test_dl_cellid0 .................................   Passed    0.00 sec
        Start   2: chest_test_dl_cellid1
  2/456 Test   #2: chest_test_dl_cellid1 .................................   Passed    0.00 sec
        Start   3: chest_test_dl_cellid2
  3/456 Test   #3: chest_test_dl_cellid2 .................................   Passed    0.01 sec
        Start   4: chest_test_ul_cellid0
  4/456 Test   #4: chest_test_ul_cellid0 .................................   Passed    0.13 sec
        Start   5: chest_test_ul_cellid1
  5/456 Test   #5: chest_test_ul_cellid1 .................................   Passed    0.12 sec
        Start   6: rm_conv_test_1
  6/456 Test   #6: rm_conv_test_1 ........................................   Passed    0.00 sec
        Start   7: rm_conv_test_2
  7/456 Test   #7: rm_conv_test_2 ........................................   Passed    0.00 sec
        Start   8: rm_turbo_test_1
  8/456 Test   #8: rm_turbo_test_1 .......................................   Passed    0.20 sec
        Start   9: rm_turbo_test_2
  9/456 Test   #9: rm_turbo_test_2 .......................................   Passed    0.29 sec
        Start  10: turbodecoder_test_504_1
 10/456 Test  #10: turbodecoder_test_504_1 ...............................   Passed    0.04 sec
        Start  11: turbodecoder_test_504_2
 11/456 Test  #11: turbodecoder_test_504_2 ...............................   Passed    0.04 sec
        Start  12: turbodecoder_test_6114_1_5
 12/456 Test  #12: turbodecoder_test_6114_1_5 ............................   Passed    0.14 sec
        Start  13: turbodecoder_test_known
 13/456 Test  #13: turbodecoder_test_known ...............................   Passed    0.03 sec
        Start  14: turbocoder_test_all
 14/456 Test  #14: turbocoder_test_all ...................................   Passed    0.01 sec
        Start  15: viterbi_40_0
 15/456 Test  #15: viterbi_40_0 ..........................................   Passed    0.01 sec
        Start  16: viterbi_40_2
 16/456 Test  #16: viterbi_40_2 ..........................................   Passed    0.01 sec
        Start  17: viterbi_40_3
 17/456 Test  #17: viterbi_40_3 ..........................................   Passed    0.01 sec
        Start  18: viterbi_40_4
 18/456 Test  #18: viterbi_40_4 ..........................................   Passed    0.01 sec
        Start  19: viterbi_1000_0
 19/456 Test  #19: viterbi_1000_0 ........................................   Passed    0.03 sec
        Start  20: viterbi_1000_2
 20/456 Test  #20: viterbi_1000_2 ........................................   Passed    0.03 sec
        Start  21: viterbi_1000_3
 21/456 Test  #21: viterbi_1000_3 ........................................   Passed    0.03 sec
        Start  22: viterbi_1000_4
 22/456 Test  #22: viterbi_1000_4 ........................................   Passed    0.03 sec
        Start  23: crc_24A
 23/456 Test  #23: crc_24A ...............................................   Passed    0.00 sec
        Start  24: crc_24B
 24/456 Test  #24: crc_24B ...............................................   Passed    0.00 sec
        Start  25: crc_16
 25/456 Test  #25: crc_16 ................................................   Passed    0.00 sec
        Start  26: crc_8
 26/456 Test  #26: crc_8 .................................................   Passed    0.00 sec
        Start  27: layermap_single
 27/456 Test  #27: layermap_single .......................................   Passed    0.00 sec
        Start  28: layermap_diversity_2
 28/456 Test  #28: layermap_diversity_2 ..................................   Passed    0.00 sec
        Start  29: layermap_diversity_4
 29/456 Test  #29: layermap_diversity_4 ..................................   Passed    0.00 sec
        Start  30: layermap_multiplex_11
 30/456 Test  #30: layermap_multiplex_11 .................................   Passed    0.00 sec
        Start  31: layermap_multiplex_12
 31/456 Test  #31: layermap_multiplex_12 .................................   Passed    0.00 sec
        Start  32: layermap_multiplex_13
 32/456 Test  #32: layermap_multiplex_13 .................................   Passed    0.00 sec
        Start  33: layermap_multiplex_14
 33/456 Test  #33: layermap_multiplex_14 .................................   Passed    0.00 sec
        Start  34: layermap_multiplex_22
 34/456 Test  #34: layermap_multiplex_22 .................................   Passed    0.00 sec
        Start  35: layermap_multiplex_23
 35/456 Test  #35: layermap_multiplex_23 .................................   Passed    0.00 sec
        Start  36: layermap_multiplex_24
 36/456 Test  #36: layermap_multiplex_24 .................................   Passed    0.00 sec
        Start  37: precoding_single
 37/456 Test  #37: precoding_single ......................................   Passed    0.00 sec
        Start  38: precoding_diversity2
 38/456 Test  #38: precoding_diversity2 ..................................   Passed    0.00 sec
        Start  39: precoding_diversity4
 39/456 Test  #39: precoding_diversity4 ..................................   Passed    0.00 sec
        Start  40: precoding_cdd_2x2_zf
 40/456 Test  #40: precoding_cdd_2x2_zf ..................................   Passed    0.01 sec
        Start  41: precoding_cdd_2x2_mmse
 41/456 Test  #41: precoding_cdd_2x2_mmse ................................   Passed    0.01 sec
        Start  42: precoding_multiplex_1l_cb0
 42/456 Test  #42: precoding_multiplex_1l_cb0 ............................   Passed    0.01 sec
        Start  43: precoding_multiplex_1l_cb1
 43/456 Test  #43: precoding_multiplex_1l_cb1 ............................   Passed    0.01 sec
        Start  44: precoding_multiplex_1l_cb2
 44/456 Test  #44: precoding_multiplex_1l_cb2 ............................   Passed    0.01 sec
        Start  45: precoding_multiplex_1l_cb3
 45/456 Test  #45: precoding_multiplex_1l_cb3 ............................   Passed    0.01 sec
        Start  46: precoding_multiplex_2l_cb0_zf
 46/456 Test  #46: precoding_multiplex_2l_cb0_zf .........................   Passed    0.01 sec
        Start  47: precoding_multiplex_2l_cb1_zf
 47/456 Test  #47: precoding_multiplex_2l_cb1_zf .........................   Passed    0.01 sec
        Start  48: precoding_multiplex_2l_cb2_zf
 48/456 Test  #48: precoding_multiplex_2l_cb2_zf .........................   Passed    0.01 sec
        Start  49: precoding_multiplex_2l_cb0_mmse
 49/456 Test  #49: precoding_multiplex_2l_cb0_mmse .......................   Passed    0.01 sec
        Start  50: precoding_multiplex_2l_cb1_mmse
 50/456 Test  #50: precoding_multiplex_2l_cb1_mmse .......................   Passed    0.01 sec
        Start  51: precoding_multiplex_2l_cb2_mmse
 51/456 Test  #51: precoding_multiplex_2l_cb2_mmse .......................   Passed    0.01 sec
        Start  52: pmi_select_test
 52/456 Test  #52: pmi_select_test .......................................   Passed    0.00 sec
        Start  53: pbch_test_6
 53/456 Test  #53: pbch_test_6 ...........................................   Passed    0.00 sec
        Start  54: pbch_test_62
 54/456 Test  #54: pbch_test_62 ..........................................   Passed    0.00 sec
        Start  55: pbch_test_64
 55/456 Test  #55: pbch_test_64 ..........................................   Passed    0.01 sec
        Start  56: pbch_test_50
 56/456 Test  #56: pbch_test_50 ..........................................   Passed    0.00 sec
        Start  57: pbch_test_502
 57/456 Test  #57: pbch_test_502 .........................................   Passed    0.00 sec
        Start  58: pbch_test_504
 58/456 Test  #58: pbch_test_504 .........................................   Passed    0.00 sec
        Start  59: pcfich_test_6
 59/456 Test  #59: pcfich_test_6 .........................................   Passed    0.02 sec
        Start  60: pcfich_test_62
 60/456 Test  #60: pcfich_test_62 ........................................   Passed    0.02 sec
        Start  61: pcfich_test_64
 61/456 Test  #61: pcfich_test_64 ........................................   Passed    0.02 sec
        Start  62: pcfich_test_10
 62/456 Test  #62: pcfich_test_10 ........................................   Passed    0.02 sec
        Start  63: pcfich_test_102
 63/456 Test  #63: pcfich_test_102 .......................................   Passed    0.02 sec
        Start  64: pcfich_test_104
 64/456 Test  #64: pcfich_test_104 .......................................   Passed    0.03 sec
        Start  65: phich_test_6
 65/456 Test  #65: phich_test_6 ..........................................   Passed    0.03 sec
        Start  66: phich_test_62
 66/456 Test  #66: phich_test_62 .........................................   Passed    0.03 sec
        Start  67: phich_test_64
 67/456 Test  #67: phich_test_64 .........................................   Passed    0.03 sec
        Start  68: phich_test_6e
 68/456 Test  #68: phich_test_6e .........................................   Passed    0.03 sec
        Start  69: phich_test_62e
 69/456 Test  #69: phich_test_62e ........................................   Passed    0.03 sec
        Start  70: phich_test_64e
 70/456 Test  #70: phich_test_64e ........................................   Passed    0.03 sec
        Start  71: phich_test_10
 71/456 Test  #71: phich_test_10 .........................................   Passed    0.03 sec
        Start  72: phich_test_102
 72/456 Test  #72: phich_test_102 ........................................   Passed    0.03 sec
        Start  73: phich_test_104
 73/456 Test  #73: phich_test_104 ........................................   Passed    0.03 sec
        Start  74: pdcch_test
 74/456 Test  #74: pdcch_test ............................................   Passed    0.00 sec
        Start  75: pdsch_test_qpsk
 75/456 Test  #75: pdsch_test_qpsk .......................................   Passed    0.17 sec
        Start  76: pdsch_test_qam16
 76/456 Test  #76: pdsch_test_qam16 ......................................   Passed    0.18 sec
        Start  77: pdsch_test_qam64
 77/456 Test  #77: pdsch_test_qam64 ......................................   Passed    0.18 sec
        Start  78: pdsch_test_sin_6
 78/456 Test  #78: pdsch_test_sin_6 ......................................   Passed    0.16 sec
        Start  79: pdsch_test_sin_12
 79/456 Test  #79: pdsch_test_sin_12 .....................................   Passed    0.16 sec
        Start  80: pdsch_test_sin_25
 80/456 Test  #80: pdsch_test_sin_25 .....................................   Passed    0.16 sec
        Start  81: pdsch_test_sin_50
 81/456 Test  #81: pdsch_test_sin_50 .....................................   Passed    0.17 sec
        Start  82: pdsch_test_sin_75
 82/456 Test  #82: pdsch_test_sin_75 .....................................   Passed    0.18 sec
        Start  83: pdsch_test_sin_100
 83/456 Test  #83: pdsch_test_sin_100 ....................................   Passed    0.18 sec
        Start  84: pdsch_test_div_6
 84/456 Test  #84: pdsch_test_div_6 ......................................   Passed    0.16 sec
        Start  85: pdsch_test_div_12
 85/456 Test  #85: pdsch_test_div_12 .....................................   Passed    0.16 sec
        Start  86: pdsch_test_div_25
 86/456 Test  #86: pdsch_test_div_25 .....................................   Passed    0.17 sec
        Start  87: pdsch_test_div_50
 87/456 Test  #87: pdsch_test_div_50 .....................................   Passed    0.17 sec
        Start  88: pdsch_test_div_75
 88/456 Test  #88: pdsch_test_div_75 .....................................   Passed    0.18 sec
        Start  89: pdsch_test_div_100
 89/456 Test  #89: pdsch_test_div_100 ....................................   Passed    0.18 sec
        Start  90: pdsch_test_cdd_6
 90/456 Test  #90: pdsch_test_cdd_6 ......................................   Passed    0.16 sec
        Start  91: pdsch_test_cdd_12
 91/456 Test  #91: pdsch_test_cdd_12 .....................................   Passed    0.16 sec
        Start  92: pdsch_test_cdd_25
 92/456 Test  #92: pdsch_test_cdd_25 .....................................   Passed    0.17 sec
        Start  93: pdsch_test_cdd_50
 93/456 Test  #93: pdsch_test_cdd_50 .....................................   Passed    0.17 sec
        Start  94: pdsch_test_cdd_75
 94/456 Test  #94: pdsch_test_cdd_75 .....................................   Passed    0.18 sec
        Start  95: pdsch_test_cdd_100
 95/456 Test  #95: pdsch_test_cdd_100 ....................................   Passed    0.18 sec
        Start  96: pdsch_test_multiplex1cw_p0_6
 96/456 Test  #96: pdsch_test_multiplex1cw_p0_6 ..........................   Passed    0.16 sec
        Start  97: pdsch_test_multiplex1cw_p0_12
 97/456 Test  #97: pdsch_test_multiplex1cw_p0_12 .........................   Passed    0.16 sec
        Start  98: pdsch_test_multiplex1cw_p0_25
 98/456 Test  #98: pdsch_test_multiplex1cw_p0_25 .........................   Passed    0.17 sec
        Start  99: pdsch_test_multiplex1cw_p0_50
 99/456 Test  #99: pdsch_test_multiplex1cw_p0_50 .........................   Passed    0.17 sec
        Start 100: pdsch_test_multiplex1cw_p0_75
100/456 Test #100: pdsch_test_multiplex1cw_p0_75 .........................   Passed    0.18 sec
        Start 101: pdsch_test_multiplex1cw_p0_100
101/456 Test #101: pdsch_test_multiplex1cw_p0_100 ........................   Passed    0.18 sec
        Start 102: pdsch_test_multiplex1cw_p0_6_swap
102/456 Test #102: pdsch_test_multiplex1cw_p0_6_swap .....................   Passed    0.16 sec
        Start 103: pdsch_test_multiplex1cw_p0_15_swap
103/456 Test #103: pdsch_test_multiplex1cw_p0_15_swap ....................   Passed    0.16 sec
        Start 104: pdsch_test_multiplex1cw_p0_25_swap
104/456 Test #104: pdsch_test_multiplex1cw_p0_25_swap ....................   Passed    0.17 sec
        Start 105: pdsch_test_multiplex1cw_p0_50_swap
105/456 Test #105: pdsch_test_multiplex1cw_p0_50_swap ....................   Passed    0.17 sec
        Start 106: pdsch_test_multiplex1cw_p0_75_swap
106/456 Test #106: pdsch_test_multiplex1cw_p0_75_swap ....................   Passed    0.18 sec
        Start 107: pdsch_test_multiplex1cw_p0_100_swap
107/456 Test #107: pdsch_test_multiplex1cw_p0_100_swap ...................   Passed    0.18 sec
        Start 108: pdsch_test_multiplex1cw_p1_6
108/456 Test #108: pdsch_test_multiplex1cw_p1_6 ..........................   Passed    0.16 sec
        Start 109: pdsch_test_multiplex1cw_p1_12
109/456 Test #109: pdsch_test_multiplex1cw_p1_12 .........................   Passed    0.16 sec
        Start 110: pdsch_test_multiplex1cw_p1_25
110/456 Test #110: pdsch_test_multiplex1cw_p1_25 .........................   Passed    0.17 sec
        Start 111: pdsch_test_multiplex1cw_p1_50
111/456 Test #111: pdsch_test_multiplex1cw_p1_50 .........................   Passed    0.17 sec
        Start 112: pdsch_test_multiplex1cw_p1_75
112/456 Test #112: pdsch_test_multiplex1cw_p1_75 .........................   Passed    0.18 sec
        Start 113: pdsch_test_multiplex1cw_p1_100
113/456 Test #113: pdsch_test_multiplex1cw_p1_100 ........................   Passed    0.18 sec
        Start 114: pdsch_test_multiplex1cw_p2_6
114/456 Test #114: pdsch_test_multiplex1cw_p2_6 ..........................   Passed    0.16 sec
        Start 115: pdsch_test_multiplex1cw_p2_12
115/456 Test #115: pdsch_test_multiplex1cw_p2_12 .........................   Passed    0.16 sec
        Start 116: pdsch_test_multiplex1cw_p2_25
116/456 Test #116: pdsch_test_multiplex1cw_p2_25 .........................   Passed    0.17 sec
        Start 117: pdsch_test_multiplex1cw_p2_50
117/456 Test #117: pdsch_test_multiplex1cw_p2_50 .........................   Passed    0.17 sec
        Start 118: pdsch_test_multiplex1cw_p2_75
118/456 Test #118: pdsch_test_multiplex1cw_p2_75 .........................   Passed    0.18 sec
        Start 119: pdsch_test_multiplex1cw_p2_100
119/456 Test #119: pdsch_test_multiplex1cw_p2_100 ........................   Passed    0.18 sec
        Start 120: pdsch_test_multiplex1cw_p3_6
120/456 Test #120: pdsch_test_multiplex1cw_p3_6 ..........................   Passed    0.16 sec
        Start 121: pdsch_test_multiplex1cw_p3_12
121/456 Test #121: pdsch_test_multiplex1cw_p3_12 .........................   Passed    0.16 sec
        Start 122: pdsch_test_multiplex1cw_p3_25
122/456 Test #122: pdsch_test_multiplex1cw_p3_25 .........................   Passed    0.16 sec
        Start 123: pdsch_test_multiplex1cw_p3_50
123/456 Test #123: pdsch_test_multiplex1cw_p3_50 .........................   Passed    0.17 sec
        Start 124: pdsch_test_multiplex1cw_p3_75
124/456 Test #124: pdsch_test_multiplex1cw_p3_75 .........................   Passed    0.18 sec
        Start 125: pdsch_test_multiplex1cw_p3_100
125/456 Test #125: pdsch_test_multiplex1cw_p3_100 ........................   Passed    0.18 sec
        Start 126: pdsch_test_multiplex2cw_p0_6
126/456 Test #126: pdsch_test_multiplex2cw_p0_6 ..........................   Passed    0.16 sec
        Start 127: pdsch_test_multiplex2cw_p0_12
127/456 Test #127: pdsch_test_multiplex2cw_p0_12 .........................   Passed    0.16 sec
        Start 128: pdsch_test_multiplex2cw_p0_25
128/456 Test #128: pdsch_test_multiplex2cw_p0_25 .........................   Passed    0.17 sec
        Start 129: pdsch_test_multiplex2cw_p0_50
129/456 Test #129: pdsch_test_multiplex2cw_p0_50 .........................   Passed    0.17 sec
        Start 130: pdsch_test_multiplex2cw_p0_75
130/456 Test #130: pdsch_test_multiplex2cw_p0_75 .........................   Passed    0.18 sec
        Start 131: pdsch_test_multiplex2cw_p0_100
131/456 Test #131: pdsch_test_multiplex2cw_p0_100 ........................   Passed    0.18 sec
        Start 132: pdsch_test_multiplex2cw_p0_6_swap
132/456 Test #132: pdsch_test_multiplex2cw_p0_6_swap .....................   Passed    0.16 sec
        Start 133: pdsch_test_multiplex2cw_p0_12_swap
133/456 Test #133: pdsch_test_multiplex2cw_p0_12_swap ....................   Passed    0.16 sec
        Start 134: pdsch_test_multiplex2cw_p0_25_swap
134/456 Test #134: pdsch_test_multiplex2cw_p0_25_swap ....................   Passed    0.17 sec
        Start 135: pdsch_test_multiplex2cw_p0_50_swap
135/456 Test #135: pdsch_test_multiplex2cw_p0_50_swap ....................   Passed    0.17 sec
        Start 136: pdsch_test_multiplex2cw_p0_75_swap
136/456 Test #136: pdsch_test_multiplex2cw_p0_75_swap ....................   Passed    0.18 sec
        Start 137: pdsch_test_multiplex2cw_p0_100_swap
137/456 Test #137: pdsch_test_multiplex2cw_p0_100_swap ...................   Passed    0.18 sec
        Start 138: pdsch_test_multiplex2cw_p1_6
138/456 Test #138: pdsch_test_multiplex2cw_p1_6 ..........................   Passed    0.16 sec
        Start 139: pdsch_test_multiplex2cw_p1_12
139/456 Test #139: pdsch_test_multiplex2cw_p1_12 .........................   Passed    0.16 sec
        Start 140: pdsch_test_multiplex2cw_p1_25
140/456 Test #140: pdsch_test_multiplex2cw_p1_25 .........................   Passed    0.17 sec
        Start 141: pdsch_test_multiplex2cw_p1_50
141/456 Test #141: pdsch_test_multiplex2cw_p1_50 .........................   Passed    0.17 sec
        Start 142: pdsch_test_multiplex2cw_p1_75
142/456 Test #142: pdsch_test_multiplex2cw_p1_75 .........................   Passed    0.18 sec
        Start 143: pdsch_test_multiplex2cw_p1_100
143/456 Test #143: pdsch_test_multiplex2cw_p1_100 ........................   Passed    0.18 sec
        Start 144: pmch_test_qpsk
144/456 Test #144: pmch_test_qpsk ........................................   Passed    0.40 sec
        Start 145: pmch_test_qam16
145/456 Test #145: pmch_test_qam16 .......................................   Passed    0.47 sec
        Start 146: pmch_test_qam64
146/456 Test #146: pmch_test_qam64 .......................................   Passed    0.47 sec
        Start 147: pbch_file_test
147/456 Test #147: pbch_file_test ........................................   Passed    0.05 sec
        Start 148: pcfich_file_test
148/456 Test #148: pcfich_file_test ......................................   Passed    0.07 sec
        Start 149: phich_file_test
149/456 Test #149: phich_file_test .......................................   Passed    0.07 sec
        Start 150: pdcch_file_test
150/456 Test #150: pdcch_file_test .......................................   Passed    0.05 sec
        Start 151: pdsch_pdcch_file_test
151/456 Test #151: pdsch_pdcch_file_test .................................***Exception: SegFault  0.28 sec
        Start 152: pmch_file_test
152/456 Test #152: pmch_file_test ........................................***Exception: SegFault  0.39 sec
        Start 153: pusch_test-n6-L6-m0
153/456 Test #153: pusch_test-n6-L6-m0 ...................................   Passed    0.35 sec
        Start 154: pusch_test-n6-L6-puci_cqiwideband-m0
154/456 Test #154: pusch_test-n6-L6-puci_cqiwideband-m0 ..................   Passed    0.16 sec
        Start 155: pusch_test-n6-L6-puci_ack0-m0
155/456 Test #155: pusch_test-n6-L6-puci_ack0-m0 .........................   Passed    0.16 sec
        Start 156: pusch_test-n6-L6-puci_ack0-puci_cqiwideband-m0
156/456 Test #156: pusch_test-n6-L6-puci_ack0-puci_cqiwideband-m0 ........   Passed    0.16 sec
        Start 157: pusch_test-n6-L6-m10
157/456 Test #157: pusch_test-n6-L6-m10 ..................................   Passed    0.16 sec
        Start 158: pusch_test-n6-L6-puci_cqiwideband-m10
158/456 Test #158: pusch_test-n6-L6-puci_cqiwideband-m10 .................   Passed    0.16 sec
        Start 159: pusch_test-n6-L6-puci_ack0-m10
159/456 Test #159: pusch_test-n6-L6-puci_ack0-m10 ........................   Passed    0.16 sec
        Start 160: pusch_test-n6-L6-puci_ack0-puci_cqiwideband-m10
160/456 Test #160: pusch_test-n6-L6-puci_ack0-puci_cqiwideband-m10 .......   Passed    0.16 sec
        Start 161: pusch_test-n6-L6-m20
161/456 Test #161: pusch_test-n6-L6-m20 ..................................   Passed    0.16 sec
        Start 162: pusch_test-n6-L6-puci_cqiwideband-m20
162/456 Test #162: pusch_test-n6-L6-puci_cqiwideband-m20 .................   Passed    0.16 sec
        Start 163: pusch_test-n6-L6-puci_ack0-m20
163/456 Test #163: pusch_test-n6-L6-puci_ack0-m20 ........................   Passed    0.16 sec
        Start 164: pusch_test-n6-L6-puci_ack0-puci_cqiwideband-m20
164/456 Test #164: pusch_test-n6-L6-puci_ack0-puci_cqiwideband-m20 .......   Passed    0.16 sec
        Start 165: pusch_test-n15-L6-m0
165/456 Test #165: pusch_test-n15-L6-m0 ..................................   Passed    0.63 sec
        Start 166: pusch_test-n15-L6-puci_cqiwideband-m0
166/456 Test #166: pusch_test-n15-L6-puci_cqiwideband-m0 .................   Passed    0.16 sec
        Start 167: pusch_test-n15-L6-puci_ack0-m0
167/456 Test #167: pusch_test-n15-L6-puci_ack0-m0 ........................   Passed    0.16 sec
        Start 168: pusch_test-n15-L6-puci_ack0-puci_cqiwideband-m0
168/456 Test #168: pusch_test-n15-L6-puci_ack0-puci_cqiwideband-m0 .......   Passed    0.16 sec
        Start 169: pusch_test-n15-L6-m10
169/456 Test #169: pusch_test-n15-L6-m10 .................................   Passed    0.16 sec
        Start 170: pusch_test-n15-L6-puci_cqiwideband-m10
170/456 Test #170: pusch_test-n15-L6-puci_cqiwideband-m10 ................   Passed    0.16 sec
        Start 171: pusch_test-n15-L6-puci_ack0-m10
171/456 Test #171: pusch_test-n15-L6-puci_ack0-m10 .......................   Passed    0.16 sec
        Start 172: pusch_test-n15-L6-puci_ack0-puci_cqiwideband-m10
172/456 Test #172: pusch_test-n15-L6-puci_ack0-puci_cqiwideband-m10 ......   Passed    0.16 sec
        Start 173: pusch_test-n15-L6-m20
173/456 Test #173: pusch_test-n15-L6-m20 .................................   Passed    0.16 sec
        Start 174: pusch_test-n15-L6-puci_cqiwideband-m20
174/456 Test #174: pusch_test-n15-L6-puci_cqiwideband-m20 ................   Passed    0.16 sec
        Start 175: pusch_test-n15-L6-puci_ack0-m20
175/456 Test #175: pusch_test-n15-L6-puci_ack0-m20 .......................   Passed    0.16 sec
        Start 176: pusch_test-n15-L6-puci_ack0-puci_cqiwideband-m20
176/456 Test #176: pusch_test-n15-L6-puci_ack0-puci_cqiwideband-m20 ......   Passed    0.16 sec
        Start 177: pusch_test-n15-L15-m0
177/456 Test #177: pusch_test-n15-L15-m0 .................................   Passed    0.16 sec
        Start 178: pusch_test-n15-L15-puci_cqiwideband-m0
178/456 Test #178: pusch_test-n15-L15-puci_cqiwideband-m0 ................   Passed    0.16 sec
        Start 179: pusch_test-n15-L15-puci_ack0-m0
179/456 Test #179: pusch_test-n15-L15-puci_ack0-m0 .......................   Passed    0.16 sec
        Start 180: pusch_test-n15-L15-puci_ack0-puci_cqiwideband-m0
180/456 Test #180: pusch_test-n15-L15-puci_ack0-puci_cqiwideband-m0 ......   Passed    0.16 sec
        Start 181: pusch_test-n15-L15-m10
181/456 Test #181: pusch_test-n15-L15-m10 ................................   Passed    0.16 sec
        Start 182: pusch_test-n15-L15-puci_cqiwideband-m10
182/456 Test #182: pusch_test-n15-L15-puci_cqiwideband-m10 ...............   Passed    0.16 sec
        Start 183: pusch_test-n15-L15-puci_ack0-m10
183/456 Test #183: pusch_test-n15-L15-puci_ack0-m10 ......................   Passed    0.16 sec
        Start 184: pusch_test-n15-L15-puci_ack0-puci_cqiwideband-m10
184/456 Test #184: pusch_test-n15-L15-puci_ack0-puci_cqiwideband-m10 .....   Passed    0.16 sec
        Start 185: pusch_test-n15-L15-m20
185/456 Test #185: pusch_test-n15-L15-m20 ................................   Passed    0.16 sec
        Start 186: pusch_test-n15-L15-puci_cqiwideband-m20
186/456 Test #186: pusch_test-n15-L15-puci_cqiwideband-m20 ...............   Passed    0.16 sec
        Start 187: pusch_test-n15-L15-puci_ack0-m20
187/456 Test #187: pusch_test-n15-L15-puci_ack0-m20 ......................   Passed    0.16 sec
        Start 188: pusch_test-n15-L15-puci_ack0-puci_cqiwideband-m20
188/456 Test #188: pusch_test-n15-L15-puci_ack0-puci_cqiwideband-m20 .....   Passed    0.16 sec
        Start 189: pusch_test-n25-L6-m0
189/456 Test #189: pusch_test-n25-L6-m0 ..................................   Passed    0.89 sec
        Start 190: pusch_test-n25-L6-puci_cqiwideband-m0
190/456 Test #190: pusch_test-n25-L6-puci_cqiwideband-m0 .................   Passed    0.16 sec
        Start 191: pusch_test-n25-L6-puci_ack0-m0
191/456 Test #191: pusch_test-n25-L6-puci_ack0-m0 ........................   Passed    0.16 sec
        Start 192: pusch_test-n25-L6-puci_ack0-puci_cqiwideband-m0
192/456 Test #192: pusch_test-n25-L6-puci_ack0-puci_cqiwideband-m0 .......   Passed    0.16 sec
        Start 193: pusch_test-n25-L6-m10
193/456 Test #193: pusch_test-n25-L6-m10 .................................   Passed    0.16 sec
        Start 194: pusch_test-n25-L6-puci_cqiwideband-m10
194/456 Test #194: pusch_test-n25-L6-puci_cqiwideband-m10 ................   Passed    0.16 sec
        Start 195: pusch_test-n25-L6-puci_ack0-m10
195/456 Test #195: pusch_test-n25-L6-puci_ack0-m10 .......................   Passed    0.16 sec
        Start 196: pusch_test-n25-L6-puci_ack0-puci_cqiwideband-m10
196/456 Test #196: pusch_test-n25-L6-puci_ack0-puci_cqiwideband-m10 ......   Passed    0.16 sec
        Start 197: pusch_test-n25-L6-m20
197/456 Test #197: pusch_test-n25-L6-m20 .................................   Passed    0.16 sec
        Start 198: pusch_test-n25-L6-puci_cqiwideband-m20
198/456 Test #198: pusch_test-n25-L6-puci_cqiwideband-m20 ................   Passed    0.16 sec
        Start 199: pusch_test-n25-L6-puci_ack0-m20
199/456 Test #199: pusch_test-n25-L6-puci_ack0-m20 .......................   Passed    0.16 sec
        Start 200: pusch_test-n25-L6-puci_ack0-puci_cqiwideband-m20
200/456 Test #200: pusch_test-n25-L6-puci_ack0-puci_cqiwideband-m20 ......   Passed    0.16 sec
        Start 201: pusch_test-n25-L15-m0
201/456 Test #201: pusch_test-n25-L15-m0 .................................   Passed    0.16 sec
        Start 202: pusch_test-n25-L15-puci_cqiwideband-m0
202/456 Test #202: pusch_test-n25-L15-puci_cqiwideband-m0 ................   Passed    0.17 sec
        Start 203: pusch_test-n25-L15-puci_ack0-m0
203/456 Test #203: pusch_test-n25-L15-puci_ack0-m0 .......................   Passed    0.16 sec
        Start 204: pusch_test-n25-L15-puci_ack0-puci_cqiwideband-m0
204/456 Test #204: pusch_test-n25-L15-puci_ack0-puci_cqiwideband-m0 ......   Passed    0.16 sec
        Start 205: pusch_test-n25-L15-m10
205/456 Test #205: pusch_test-n25-L15-m10 ................................   Passed    0.16 sec
        Start 206: pusch_test-n25-L15-puci_cqiwideband-m10
206/456 Test #206: pusch_test-n25-L15-puci_cqiwideband-m10 ...............   Passed    0.16 sec
        Start 207: pusch_test-n25-L15-puci_ack0-m10
207/456 Test #207: pusch_test-n25-L15-puci_ack0-m10 ......................   Passed    0.16 sec
        Start 208: pusch_test-n25-L15-puci_ack0-puci_cqiwideband-m10
208/456 Test #208: pusch_test-n25-L15-puci_ack0-puci_cqiwideband-m10 .....   Passed    0.16 sec
        Start 209: pusch_test-n25-L15-m20
209/456 Test #209: pusch_test-n25-L15-m20 ................................   Passed    0.16 sec
        Start 210: pusch_test-n25-L15-puci_cqiwideband-m20
210/456 Test #210: pusch_test-n25-L15-puci_cqiwideband-m20 ...............   Passed    0.16 sec
        Start 211: pusch_test-n25-L15-puci_ack0-m20
211/456 Test #211: pusch_test-n25-L15-puci_ack0-m20 ......................   Passed    0.16 sec
        Start 212: pusch_test-n25-L15-puci_ack0-puci_cqiwideband-m20
212/456 Test #212: pusch_test-n25-L15-puci_ack0-puci_cqiwideband-m20 .....   Passed    0.16 sec
        Start 213: pusch_test-n25-L25-m0
213/456 Test #213: pusch_test-n25-L25-m0 .................................   Passed    0.16 sec
        Start 214: pusch_test-n25-L25-puci_cqiwideband-m0
214/456 Test #214: pusch_test-n25-L25-puci_cqiwideband-m0 ................   Passed    0.16 sec
        Start 215: pusch_test-n25-L25-puci_ack0-m0
215/456 Test #215: pusch_test-n25-L25-puci_ack0-m0 .......................   Passed    0.16 sec
        Start 216: pusch_test-n25-L25-puci_ack0-puci_cqiwideband-m0
216/456 Test #216: pusch_test-n25-L25-puci_ack0-puci_cqiwideband-m0 ......   Passed    0.16 sec
        Start 217: pusch_test-n25-L25-m10
217/456 Test #217: pusch_test-n25-L25-m10 ................................   Passed    0.16 sec
        Start 218: pusch_test-n25-L25-puci_cqiwideband-m10
218/456 Test #218: pusch_test-n25-L25-puci_cqiwideband-m10 ...............   Passed    0.16 sec
        Start 219: pusch_test-n25-L25-puci_ack0-m10
219/456 Test #219: pusch_test-n25-L25-puci_ack0-m10 ......................   Passed    0.16 sec
        Start 220: pusch_test-n25-L25-puci_ack0-puci_cqiwideband-m10
220/456 Test #220: pusch_test-n25-L25-puci_ack0-puci_cqiwideband-m10 .....   Passed    0.16 sec
        Start 221: pusch_test-n25-L25-m20
221/456 Test #221: pusch_test-n25-L25-m20 ................................   Passed    0.16 sec
        Start 222: pusch_test-n25-L25-puci_cqiwideband-m20
222/456 Test #222: pusch_test-n25-L25-puci_cqiwideband-m20 ...............   Passed    0.16 sec
        Start 223: pusch_test-n25-L25-puci_ack0-m20
223/456 Test #223: pusch_test-n25-L25-puci_ack0-m20 ......................   Passed    0.16 sec
        Start 224: pusch_test-n25-L25-puci_ack0-puci_cqiwideband-m20
224/456 Test #224: pusch_test-n25-L25-puci_ack0-puci_cqiwideband-m20 .....   Passed    0.16 sec
        Start 225: pusch_test-n50-L6-m0
225/456 Test #225: pusch_test-n50-L6-m0 ..................................   Passed    1.80 sec
        Start 226: pusch_test-n50-L6-puci_cqiwideband-m0
226/456 Test #226: pusch_test-n50-L6-puci_cqiwideband-m0 .................   Passed    0.17 sec
        Start 227: pusch_test-n50-L6-puci_ack0-m0
227/456 Test #227: pusch_test-n50-L6-puci_ack0-m0 ........................   Passed    0.17 sec
        Start 228: pusch_test-n50-L6-puci_ack0-puci_cqiwideband-m0
228/456 Test #228: pusch_test-n50-L6-puci_ack0-puci_cqiwideband-m0 .......   Passed    0.16 sec
        Start 229: pusch_test-n50-L6-m10
229/456 Test #229: pusch_test-n50-L6-m10 .................................   Passed    0.17 sec
        Start 230: pusch_test-n50-L6-puci_cqiwideband-m10
230/456 Test #230: pusch_test-n50-L6-puci_cqiwideband-m10 ................   Passed    0.17 sec
        Start 231: pusch_test-n50-L6-puci_ack0-m10
231/456 Test #231: pusch_test-n50-L6-puci_ack0-m10 .......................   Passed    0.17 sec
        Start 232: pusch_test-n50-L6-puci_ack0-puci_cqiwideband-m10
232/456 Test #232: pusch_test-n50-L6-puci_ack0-puci_cqiwideband-m10 ......   Passed    0.17 sec
        Start 233: pusch_test-n50-L6-m20
233/456 Test #233: pusch_test-n50-L6-m20 .................................   Passed    0.16 sec
        Start 234: pusch_test-n50-L6-puci_cqiwideband-m20
234/456 Test #234: pusch_test-n50-L6-puci_cqiwideband-m20 ................   Passed    0.17 sec
        Start 235: pusch_test-n50-L6-puci_ack0-m20
235/456 Test #235: pusch_test-n50-L6-puci_ack0-m20 .......................   Passed    0.17 sec
        Start 236: pusch_test-n50-L6-puci_ack0-puci_cqiwideband-m20
236/456 Test #236: pusch_test-n50-L6-puci_ack0-puci_cqiwideband-m20 ......   Passed    0.17 sec
        Start 237: pusch_test-n50-L15-m0
237/456 Test #237: pusch_test-n50-L15-m0 .................................   Passed    0.17 sec
        Start 238: pusch_test-n50-L15-puci_cqiwideband-m0
238/456 Test #238: pusch_test-n50-L15-puci_cqiwideband-m0 ................   Passed    0.17 sec
        Start 239: pusch_test-n50-L15-puci_ack0-m0
239/456 Test #239: pusch_test-n50-L15-puci_ack0-m0 .......................   Passed    0.17 sec
        Start 240: pusch_test-n50-L15-puci_ack0-puci_cqiwideband-m0
240/456 Test #240: pusch_test-n50-L15-puci_ack0-puci_cqiwideband-m0 ......   Passed    0.17 sec
        Start 241: pusch_test-n50-L15-m10
241/456 Test #241: pusch_test-n50-L15-m10 ................................   Passed    0.17 sec
        Start 242: pusch_test-n50-L15-puci_cqiwideband-m10
242/456 Test #242: pusch_test-n50-L15-puci_cqiwideband-m10 ...............   Passed    0.17 sec
        Start 243: pusch_test-n50-L15-puci_ack0-m10
243/456 Test #243: pusch_test-n50-L15-puci_ack0-m10 ......................   Passed    0.17 sec
        Start 244: pusch_test-n50-L15-puci_ack0-puci_cqiwideband-m10
244/456 Test #244: pusch_test-n50-L15-puci_ack0-puci_cqiwideband-m10 .....   Passed    0.17 sec
        Start 245: pusch_test-n50-L15-m20
245/456 Test #245: pusch_test-n50-L15-m20 ................................   Passed    0.17 sec
        Start 246: pusch_test-n50-L15-puci_cqiwideband-m20
246/456 Test #246: pusch_test-n50-L15-puci_cqiwideband-m20 ...............   Passed    0.17 sec
        Start 247: pusch_test-n50-L15-puci_ack0-m20
247/456 Test #247: pusch_test-n50-L15-puci_ack0-m20 ......................   Passed    0.17 sec
        Start 248: pusch_test-n50-L15-puci_ack0-puci_cqiwideband-m20
248/456 Test #248: pusch_test-n50-L15-puci_ack0-puci_cqiwideband-m20 .....   Passed    0.17 sec
        Start 249: pusch_test-n50-L25-m0
249/456 Test #249: pusch_test-n50-L25-m0 .................................   Passed    0.17 sec
        Start 250: pusch_test-n50-L25-puci_cqiwideband-m0
250/456 Test #250: pusch_test-n50-L25-puci_cqiwideband-m0 ................   Passed    0.17 sec
        Start 251: pusch_test-n50-L25-puci_ack0-m0
251/456 Test #251: pusch_test-n50-L25-puci_ack0-m0 .......................   Passed    0.17 sec
        Start 252: pusch_test-n50-L25-puci_ack0-puci_cqiwideband-m0
252/456 Test #252: pusch_test-n50-L25-puci_ack0-puci_cqiwideband-m0 ......   Passed    0.17 sec
        Start 253: pusch_test-n50-L25-m10
253/456 Test #253: pusch_test-n50-L25-m10 ................................   Passed    0.17 sec
        Start 254: pusch_test-n50-L25-puci_cqiwideband-m10
254/456 Test #254: pusch_test-n50-L25-puci_cqiwideband-m10 ...............   Passed    0.17 sec
        Start 255: pusch_test-n50-L25-puci_ack0-m10
255/456 Test #255: pusch_test-n50-L25-puci_ack0-m10 ......................   Passed    0.17 sec
        Start 256: pusch_test-n50-L25-puci_ack0-puci_cqiwideband-m10
256/456 Test #256: pusch_test-n50-L25-puci_ack0-puci_cqiwideband-m10 .....   Passed    0.17 sec
        Start 257: pusch_test-n50-L25-m20
257/456 Test #257: pusch_test-n50-L25-m20 ................................   Passed    0.17 sec
        Start 258: pusch_test-n50-L25-puci_cqiwideband-m20
258/456 Test #258: pusch_test-n50-L25-puci_cqiwideband-m20 ...............   Passed    0.17 sec
        Start 259: pusch_test-n50-L25-puci_ack0-m20
259/456 Test #259: pusch_test-n50-L25-puci_ack0-m20 ......................   Passed    0.17 sec
        Start 260: pusch_test-n50-L25-puci_ack0-puci_cqiwideband-m20
260/456 Test #260: pusch_test-n50-L25-puci_ack0-puci_cqiwideband-m20 .....   Passed    0.17 sec
        Start 261: pusch_test-n50-L50-m0
261/456 Test #261: pusch_test-n50-L50-m0 .................................   Passed    0.17 sec
        Start 262: pusch_test-n50-L50-puci_cqiwideband-m0
262/456 Test #262: pusch_test-n50-L50-puci_cqiwideband-m0 ................   Passed    0.17 sec
        Start 263: pusch_test-n50-L50-puci_ack0-m0
263/456 Test #263: pusch_test-n50-L50-puci_ack0-m0 .......................   Passed    0.17 sec
        Start 264: pusch_test-n50-L50-puci_ack0-puci_cqiwideband-m0
264/456 Test #264: pusch_test-n50-L50-puci_ack0-puci_cqiwideband-m0 ......   Passed    0.17 sec
        Start 265: pusch_test-n50-L50-m10
265/456 Test #265: pusch_test-n50-L50-m10 ................................   Passed    0.17 sec
        Start 266: pusch_test-n50-L50-puci_cqiwideband-m10
266/456 Test #266: pusch_test-n50-L50-puci_cqiwideband-m10 ...............   Passed    0.17 sec
        Start 267: pusch_test-n50-L50-puci_ack0-m10
267/456 Test #267: pusch_test-n50-L50-puci_ack0-m10 ......................   Passed    0.17 sec
        Start 268: pusch_test-n50-L50-puci_ack0-puci_cqiwideband-m10
268/456 Test #268: pusch_test-n50-L50-puci_ack0-puci_cqiwideband-m10 .....   Passed    0.17 sec
        Start 269: pusch_test-n50-L50-m20
269/456 Test #269: pusch_test-n50-L50-m20 ................................   Passed    0.17 sec
        Start 270: pusch_test-n50-L50-puci_cqiwideband-m20
270/456 Test #270: pusch_test-n50-L50-puci_cqiwideband-m20 ...............   Passed    0.17 sec
        Start 271: pusch_test-n50-L50-puci_ack0-m20
271/456 Test #271: pusch_test-n50-L50-puci_ack0-m20 ......................   Passed    0.17 sec
        Start 272: pusch_test-n50-L50-puci_ack0-puci_cqiwideband-m20
272/456 Test #272: pusch_test-n50-L50-puci_ack0-puci_cqiwideband-m20 .....   Passed    0.17 sec
        Start 273: pusch_test-n75-L6-m0
273/456 Test #273: pusch_test-n75-L6-m0 ..................................   Passed    1.46 sec
        Start 274: pusch_test-n75-L6-puci_cqiwideband-m0
274/456 Test #274: pusch_test-n75-L6-puci_cqiwideband-m0 .................   Passed    0.17 sec
        Start 275: pusch_test-n75-L6-puci_ack0-m0
275/456 Test #275: pusch_test-n75-L6-puci_ack0-m0 ........................   Passed    0.17 sec
        Start 276: pusch_test-n75-L6-puci_ack0-puci_cqiwideband-m0
276/456 Test #276: pusch_test-n75-L6-puci_ack0-puci_cqiwideband-m0 .......   Passed    0.17 sec
        Start 277: pusch_test-n75-L6-m10
277/456 Test #277: pusch_test-n75-L6-m10 .................................   Passed    0.17 sec
        Start 278: pusch_test-n75-L6-puci_cqiwideband-m10
278/456 Test #278: pusch_test-n75-L6-puci_cqiwideband-m10 ................   Passed    0.17 sec
        Start 279: pusch_test-n75-L6-puci_ack0-m10
279/456 Test #279: pusch_test-n75-L6-puci_ack0-m10 .......................   Passed    0.17 sec
        Start 280: pusch_test-n75-L6-puci_ack0-puci_cqiwideband-m10
280/456 Test #280: pusch_test-n75-L6-puci_ack0-puci_cqiwideband-m10 ......   Passed    0.17 sec
        Start 281: pusch_test-n75-L6-m20
281/456 Test #281: pusch_test-n75-L6-m20 .................................   Passed    0.17 sec
        Start 282: pusch_test-n75-L6-puci_cqiwideband-m20
282/456 Test #282: pusch_test-n75-L6-puci_cqiwideband-m20 ................   Passed    0.17 sec
        Start 283: pusch_test-n75-L6-puci_ack0-m20
283/456 Test #283: pusch_test-n75-L6-puci_ack0-m20 .......................   Passed    0.17 sec
        Start 284: pusch_test-n75-L6-puci_ack0-puci_cqiwideband-m20
284/456 Test #284: pusch_test-n75-L6-puci_ack0-puci_cqiwideband-m20 ......   Passed    0.17 sec
        Start 285: pusch_test-n75-L15-m0
285/456 Test #285: pusch_test-n75-L15-m0 .................................   Passed    0.17 sec
        Start 286: pusch_test-n75-L15-puci_cqiwideband-m0
286/456 Test #286: pusch_test-n75-L15-puci_cqiwideband-m0 ................   Passed    0.17 sec
        Start 287: pusch_test-n75-L15-puci_ack0-m0
287/456 Test #287: pusch_test-n75-L15-puci_ack0-m0 .......................   Passed    0.17 sec
        Start 288: pusch_test-n75-L15-puci_ack0-puci_cqiwideband-m0
288/456 Test #288: pusch_test-n75-L15-puci_ack0-puci_cqiwideband-m0 ......   Passed    0.17 sec
        Start 289: pusch_test-n75-L15-m10
289/456 Test #289: pusch_test-n75-L15-m10 ................................   Passed    0.17 sec
        Start 290: pusch_test-n75-L15-puci_cqiwideband-m10
290/456 Test #290: pusch_test-n75-L15-puci_cqiwideband-m10 ...............   Passed    0.17 sec
        Start 291: pusch_test-n75-L15-puci_ack0-m10
291/456 Test #291: pusch_test-n75-L15-puci_ack0-m10 ......................   Passed    0.17 sec
        Start 292: pusch_test-n75-L15-puci_ack0-puci_cqiwideband-m10
292/456 Test #292: pusch_test-n75-L15-puci_ack0-puci_cqiwideband-m10 .....   Passed    0.17 sec
        Start 293: pusch_test-n75-L15-m20
293/456 Test #293: pusch_test-n75-L15-m20 ................................   Passed    0.17 sec
        Start 294: pusch_test-n75-L15-puci_cqiwideband-m20
294/456 Test #294: pusch_test-n75-L15-puci_cqiwideband-m20 ...............   Passed    0.17 sec
        Start 295: pusch_test-n75-L15-puci_ack0-m20
295/456 Test #295: pusch_test-n75-L15-puci_ack0-m20 ......................   Passed    0.17 sec
        Start 296: pusch_test-n75-L15-puci_ack0-puci_cqiwideband-m20
296/456 Test #296: pusch_test-n75-L15-puci_ack0-puci_cqiwideband-m20 .....   Passed    0.17 sec
        Start 297: pusch_test-n75-L25-m0
297/456 Test #297: pusch_test-n75-L25-m0 .................................   Passed    0.17 sec
        Start 298: pusch_test-n75-L25-puci_cqiwideband-m0
298/456 Test #298: pusch_test-n75-L25-puci_cqiwideband-m0 ................   Passed    0.17 sec
        Start 299: pusch_test-n75-L25-puci_ack0-m0
299/456 Test #299: pusch_test-n75-L25-puci_ack0-m0 .......................   Passed    0.17 sec
        Start 300: pusch_test-n75-L25-puci_ack0-puci_cqiwideband-m0
300/456 Test #300: pusch_test-n75-L25-puci_ack0-puci_cqiwideband-m0 ......   Passed    0.17 sec
        Start 301: pusch_test-n75-L25-m10
301/456 Test #301: pusch_test-n75-L25-m10 ................................   Passed    0.17 sec
        Start 302: pusch_test-n75-L25-puci_cqiwideband-m10
302/456 Test #302: pusch_test-n75-L25-puci_cqiwideband-m10 ...............   Passed    0.17 sec
        Start 303: pusch_test-n75-L25-puci_ack0-m10
303/456 Test #303: pusch_test-n75-L25-puci_ack0-m10 ......................   Passed    0.17 sec
        Start 304: pusch_test-n75-L25-puci_ack0-puci_cqiwideband-m10
304/456 Test #304: pusch_test-n75-L25-puci_ack0-puci_cqiwideband-m10 .....   Passed    0.17 sec
        Start 305: pusch_test-n75-L25-m20
305/456 Test #305: pusch_test-n75-L25-m20 ................................   Passed    0.17 sec
        Start 306: pusch_test-n75-L25-puci_cqiwideband-m20
306/456 Test #306: pusch_test-n75-L25-puci_cqiwideband-m20 ...............   Passed    0.17 sec
        Start 307: pusch_test-n75-L25-puci_ack0-m20
307/456 Test #307: pusch_test-n75-L25-puci_ack0-m20 ......................   Passed    0.17 sec
        Start 308: pusch_test-n75-L25-puci_ack0-puci_cqiwideband-m20
308/456 Test #308: pusch_test-n75-L25-puci_ack0-puci_cqiwideband-m20 .....   Passed    0.17 sec
        Start 309: pusch_test-n75-L50-m0
309/456 Test #309: pusch_test-n75-L50-m0 .................................   Passed    0.17 sec
        Start 310: pusch_test-n75-L50-puci_cqiwideband-m0
310/456 Test #310: pusch_test-n75-L50-puci_cqiwideband-m0 ................   Passed    0.17 sec
        Start 311: pusch_test-n75-L50-puci_ack0-m0
311/456 Test #311: pusch_test-n75-L50-puci_ack0-m0 .......................   Passed    0.17 sec
        Start 312: pusch_test-n75-L50-puci_ack0-puci_cqiwideband-m0
312/456 Test #312: pusch_test-n75-L50-puci_ack0-puci_cqiwideband-m0 ......   Passed    0.17 sec
        Start 313: pusch_test-n75-L50-m10
313/456 Test #313: pusch_test-n75-L50-m10 ................................   Passed    0.17 sec
        Start 314: pusch_test-n75-L50-puci_cqiwideband-m10
314/456 Test #314: pusch_test-n75-L50-puci_cqiwideband-m10 ...............   Passed    0.17 sec
        Start 315: pusch_test-n75-L50-puci_ack0-m10
315/456 Test #315: pusch_test-n75-L50-puci_ack0-m10 ......................   Passed    0.17 sec
        Start 316: pusch_test-n75-L50-puci_ack0-puci_cqiwideband-m10
316/456 Test #316: pusch_test-n75-L50-puci_ack0-puci_cqiwideband-m10 .....   Passed    0.17 sec
        Start 317: pusch_test-n75-L50-m20
317/456 Test #317: pusch_test-n75-L50-m20 ................................   Passed    0.17 sec
        Start 318: pusch_test-n75-L50-puci_cqiwideband-m20
318/456 Test #318: pusch_test-n75-L50-puci_cqiwideband-m20 ...............   Passed    0.17 sec
        Start 319: pusch_test-n75-L50-puci_ack0-m20
319/456 Test #319: pusch_test-n75-L50-puci_ack0-m20 ......................   Passed    0.17 sec
        Start 320: pusch_test-n75-L50-puci_ack0-puci_cqiwideband-m20
320/456 Test #320: pusch_test-n75-L50-puci_ack0-puci_cqiwideband-m20 .....   Passed    0.17 sec
        Start 321: pusch_test-n100-L6-m0
321/456 Test #321: pusch_test-n100-L6-m0 .................................   Passed    1.75 sec
        Start 322: pusch_test-n100-L6-puci_cqiwideband-m0
322/456 Test #322: pusch_test-n100-L6-puci_cqiwideband-m0 ................   Passed    0.17 sec
        Start 323: pusch_test-n100-L6-puci_ack0-m0
323/456 Test #323: pusch_test-n100-L6-puci_ack0-m0 .......................   Passed    0.17 sec
        Start 324: pusch_test-n100-L6-puci_ack0-puci_cqiwideband-m0
324/456 Test #324: pusch_test-n100-L6-puci_ack0-puci_cqiwideband-m0 ......   Passed    0.17 sec
        Start 325: pusch_test-n100-L6-m10
325/456 Test #325: pusch_test-n100-L6-m10 ................................   Passed    0.17 sec
        Start 326: pusch_test-n100-L6-puci_cqiwideband-m10
326/456 Test #326: pusch_test-n100-L6-puci_cqiwideband-m10 ...............   Passed    0.17 sec
        Start 327: pusch_test-n100-L6-puci_ack0-m10
327/456 Test #327: pusch_test-n100-L6-puci_ack0-m10 ......................   Passed    0.17 sec
        Start 328: pusch_test-n100-L6-puci_ack0-puci_cqiwideband-m10
328/456 Test #328: pusch_test-n100-L6-puci_ack0-puci_cqiwideband-m10 .....   Passed    0.17 sec
        Start 329: pusch_test-n100-L6-m20
329/456 Test #329: pusch_test-n100-L6-m20 ................................   Passed    0.17 sec
        Start 330: pusch_test-n100-L6-puci_cqiwideband-m20
330/456 Test #330: pusch_test-n100-L6-puci_cqiwideband-m20 ...............   Passed    0.17 sec
        Start 331: pusch_test-n100-L6-puci_ack0-m20
331/456 Test #331: pusch_test-n100-L6-puci_ack0-m20 ......................   Passed    0.17 sec
        Start 332: pusch_test-n100-L6-puci_ack0-puci_cqiwideband-m20
332/456 Test #332: pusch_test-n100-L6-puci_ack0-puci_cqiwideband-m20 .....   Passed    0.17 sec
        Start 333: pusch_test-n100-L15-m0
333/456 Test #333: pusch_test-n100-L15-m0 ................................   Passed    0.17 sec
        Start 334: pusch_test-n100-L15-puci_cqiwideband-m0
334/456 Test #334: pusch_test-n100-L15-puci_cqiwideband-m0 ...............   Passed    0.17 sec
        Start 335: pusch_test-n100-L15-puci_ack0-m0
335/456 Test #335: pusch_test-n100-L15-puci_ack0-m0 ......................   Passed    0.17 sec
        Start 336: pusch_test-n100-L15-puci_ack0-puci_cqiwideband-m0
336/456 Test #336: pusch_test-n100-L15-puci_ack0-puci_cqiwideband-m0 .....   Passed    0.17 sec
        Start 337: pusch_test-n100-L15-m10
337/456 Test #337: pusch_test-n100-L15-m10 ...............................   Passed    0.17 sec
        Start 338: pusch_test-n100-L15-puci_cqiwideband-m10
338/456 Test #338: pusch_test-n100-L15-puci_cqiwideband-m10 ..............   Passed    0.17 sec
        Start 339: pusch_test-n100-L15-puci_ack0-m10
339/456 Test #339: pusch_test-n100-L15-puci_ack0-m10 .....................   Passed    0.17 sec
        Start 340: pusch_test-n100-L15-puci_ack0-puci_cqiwideband-m10
340/456 Test #340: pusch_test-n100-L15-puci_ack0-puci_cqiwideband-m10 ....   Passed    0.17 sec
        Start 341: pusch_test-n100-L15-m20
341/456 Test #341: pusch_test-n100-L15-m20 ...............................   Passed    0.17 sec
        Start 342: pusch_test-n100-L15-puci_cqiwideband-m20
342/456 Test #342: pusch_test-n100-L15-puci_cqiwideband-m20 ..............   Passed    0.17 sec
        Start 343: pusch_test-n100-L15-puci_ack0-m20
343/456 Test #343: pusch_test-n100-L15-puci_ack0-m20 .....................   Passed    0.17 sec
        Start 344: pusch_test-n100-L15-puci_ack0-puci_cqiwideband-m20
344/456 Test #344: pusch_test-n100-L15-puci_ack0-puci_cqiwideband-m20 ....   Passed    0.17 sec
        Start 345: pusch_test-n100-L25-m0
345/456 Test #345: pusch_test-n100-L25-m0 ................................   Passed    0.17 sec
        Start 346: pusch_test-n100-L25-puci_cqiwideband-m0
346/456 Test #346: pusch_test-n100-L25-puci_cqiwideband-m0 ...............   Passed    0.17 sec
        Start 347: pusch_test-n100-L25-puci_ack0-m0
347/456 Test #347: pusch_test-n100-L25-puci_ack0-m0 ......................   Passed    0.17 sec
        Start 348: pusch_test-n100-L25-puci_ack0-puci_cqiwideband-m0
348/456 Test #348: pusch_test-n100-L25-puci_ack0-puci_cqiwideband-m0 .....   Passed    0.17 sec
        Start 349: pusch_test-n100-L25-m10
349/456 Test #349: pusch_test-n100-L25-m10 ...............................   Passed    0.17 sec
        Start 350: pusch_test-n100-L25-puci_cqiwideband-m10
350/456 Test #350: pusch_test-n100-L25-puci_cqiwideband-m10 ..............   Passed    0.17 sec
        Start 351: pusch_test-n100-L25-puci_ack0-m10
351/456 Test #351: pusch_test-n100-L25-puci_ack0-m10 .....................   Passed    0.17 sec
        Start 352: pusch_test-n100-L25-puci_ack0-puci_cqiwideband-m10
352/456 Test #352: pusch_test-n100-L25-puci_ack0-puci_cqiwideband-m10 ....   Passed    0.17 sec
        Start 353: pusch_test-n100-L25-m20
353/456 Test #353: pusch_test-n100-L25-m20 ...............................   Passed    0.17 sec
        Start 354: pusch_test-n100-L25-puci_cqiwideband-m20
354/456 Test #354: pusch_test-n100-L25-puci_cqiwideband-m20 ..............   Passed    0.17 sec
        Start 355: pusch_test-n100-L25-puci_ack0-m20
355/456 Test #355: pusch_test-n100-L25-puci_ack0-m20 .....................   Passed    0.17 sec
        Start 356: pusch_test-n100-L25-puci_ack0-puci_cqiwideband-m20
356/456 Test #356: pusch_test-n100-L25-puci_ack0-puci_cqiwideband-m20 ....   Passed    0.17 sec
        Start 357: pusch_test-n100-L50-m0
357/456 Test #357: pusch_test-n100-L50-m0 ................................   Passed    0.17 sec
        Start 358: pusch_test-n100-L50-puci_cqiwideband-m0
358/456 Test #358: pusch_test-n100-L50-puci_cqiwideband-m0 ...............   Passed    0.17 sec
        Start 359: pusch_test-n100-L50-puci_ack0-m0
359/456 Test #359: pusch_test-n100-L50-puci_ack0-m0 ......................   Passed    0.17 sec
        Start 360: pusch_test-n100-L50-puci_ack0-puci_cqiwideband-m0
360/456 Test #360: pusch_test-n100-L50-puci_ack0-puci_cqiwideband-m0 .....   Passed    0.17 sec
        Start 361: pusch_test-n100-L50-m10
361/456 Test #361: pusch_test-n100-L50-m10 ...............................   Passed    0.17 sec
        Start 362: pusch_test-n100-L50-puci_cqiwideband-m10
362/456 Test #362: pusch_test-n100-L50-puci_cqiwideband-m10 ..............   Passed    0.17 sec
        Start 363: pusch_test-n100-L50-puci_ack0-m10
363/456 Test #363: pusch_test-n100-L50-puci_ack0-m10 .....................   Passed    0.17 sec
        Start 364: pusch_test-n100-L50-puci_ack0-puci_cqiwideband-m10
364/456 Test #364: pusch_test-n100-L50-puci_ack0-puci_cqiwideband-m10 ....   Passed    0.17 sec
        Start 365: pusch_test-n100-L50-m20
365/456 Test #365: pusch_test-n100-L50-m20 ...............................   Passed    0.17 sec
        Start 366: pusch_test-n100-L50-puci_cqiwideband-m20
366/456 Test #366: pusch_test-n100-L50-puci_cqiwideband-m20 ..............   Passed    0.17 sec
        Start 367: pusch_test-n100-L50-puci_ack0-m20
367/456 Test #367: pusch_test-n100-L50-puci_ack0-m20 .....................   Passed    0.17 sec
        Start 368: pusch_test-n100-L50-puci_ack0-puci_cqiwideband-m20
368/456 Test #368: pusch_test-n100-L50-puci_ack0-puci_cqiwideband-m20 ....   Passed    0.17 sec
        Start 369: pusch_test-n100-L100-m0
369/456 Test #369: pusch_test-n100-L100-m0 ...............................   Passed    0.17 sec
        Start 370: pusch_test-n100-L100-puci_cqiwideband-m0
370/456 Test #370: pusch_test-n100-L100-puci_cqiwideband-m0 ..............   Passed    0.17 sec
        Start 371: pusch_test-n100-L100-puci_ack0-m0
371/456 Test #371: pusch_test-n100-L100-puci_ack0-m0 .....................   Passed    0.17 sec
        Start 372: pusch_test-n100-L100-puci_ack0-puci_cqiwideband-m0
372/456 Test #372: pusch_test-n100-L100-puci_ack0-puci_cqiwideband-m0 ....   Passed    0.17 sec
        Start 373: pusch_test-n100-L100-m10
373/456 Test #373: pusch_test-n100-L100-m10 ..............................   Passed    0.17 sec
        Start 374: pusch_test-n100-L100-puci_cqiwideband-m10
374/456 Test #374: pusch_test-n100-L100-puci_cqiwideband-m10 .............   Passed    0.17 sec
        Start 375: pusch_test-n100-L100-puci_ack0-m10
375/456 Test #375: pusch_test-n100-L100-puci_ack0-m10 ....................   Passed    0.17 sec
        Start 376: pusch_test-n100-L100-puci_ack0-puci_cqiwideband-m10
376/456 Test #376: pusch_test-n100-L100-puci_ack0-puci_cqiwideband-m10 ...   Passed    0.17 sec
        Start 377: pusch_test-n100-L100-m20
377/456 Test #377: pusch_test-n100-L100-m20 ..............................   Passed    0.18 sec
        Start 378: pusch_test-n100-L100-puci_cqiwideband-m20
378/456 Test #378: pusch_test-n100-L100-puci_cqiwideband-m20 .............   Passed    0.18 sec
        Start 379: pusch_test-n100-L100-puci_ack0-m20
379/456 Test #379: pusch_test-n100-L100-puci_ack0-m20 ....................   Passed    0.18 sec
        Start 380: pusch_test-n100-L100-puci_ack0-puci_cqiwideband-m20
380/456 Test #380: pusch_test-n100-L100-puci_ack0-puci_cqiwideband-m20 ...   Passed    0.18 sec
        Start 381: pucch_test
381/456 Test #381: pucch_test ............................................   Passed    0.01 sec
        Start 382: pucch_test_uci_cqi_decoder
382/456 Test #382: pucch_test_uci_cqi_decoder ............................   Passed    0.27 sec
        Start 383: prach
383/456 Test #383: prach .................................................   Passed    1.73 sec
        Start 384: prach_256
384/456 Test #384: prach_256 .............................................   Passed    0.81 sec
        Start 385: prach_512
385/456 Test #385: prach_512 .............................................   Passed    0.93 sec
        Start 386: prach_1024
386/456 Test #386: prach_1024 ............................................   Passed    1.16 sec
        Start 387: prach_1536
387/456 Test #387: prach_1536 ............................................   Passed    1.76 sec
        Start 388: prach_2048
388/456 Test #388: prach_2048 ............................................   Passed    1.62 sec
        Start 389: prach_f0
389/456 Test #389: prach_f0 ..............................................   Passed    1.74 sec
        Start 390: prach_f1
390/456 Test #390: prach_f1 ..............................................   Passed    1.73 sec
        Start 391: prach_f2
391/456 Test #391: prach_f2 ..............................................   Passed    1.73 sec
        Start 392: prach_f3
392/456 Test #392: prach_f3 ..............................................   Passed    1.73 sec
        Start 393: prach_rs1
393/456 Test #393: prach_rs1 .............................................   Passed    1.74 sec
        Start 394: prach_rs2
394/456 Test #394: prach_rs2 .............................................   Passed    1.74 sec
        Start 395: prach_rs3
395/456 Test #395: prach_rs3 .............................................   Passed    1.75 sec
        Start 396: prach_zc0
396/456 Test #396: prach_zc0 .............................................   Passed    1.76 sec
        Start 397: prach_zc2
397/456 Test #397: prach_zc2 .............................................   Passed    1.71 sec
        Start 398: prach_zc3
398/456 Test #398: prach_zc3 .............................................   Passed    1.72 sec
        Start 399: prach_test_multi
399/456 Test #399: prach_test_multi ......................................   Passed    0.70 sec
        Start 400: prach_test_multi_n32
400/456 Test #400: prach_test_multi_n32 ..................................   Passed    0.70 sec
        Start 401: prach_test_multi_n16
401/456 Test #401: prach_test_multi_n16 ..................................   Passed    0.70 sec
        Start 402: prach_test_multi_n8
402/456 Test #402: prach_test_multi_n8 ...................................   Passed    0.70 sec
        Start 403: prach_test_multi_n4
403/456 Test #403: prach_test_multi_n4 ...................................   Passed    0.70 sec
        Start 404: sync_test_100
404/456 Test #404: sync_test_100 .........................................   Passed    0.97 sec
        Start 405: sync_test_400
405/456 Test #405: sync_test_400 .........................................   Passed    0.97 sec
        Start 406: sync_test_100_e
406/456 Test #406: sync_test_100_e .......................................   Passed    0.98 sec
        Start 407: sync_test_400_e
407/456 Test #407: sync_test_400_e .......................................   Passed    0.97 sec
        Start 408: cfo_test_1
408/456 Test #408: cfo_test_1 ............................................   Passed    0.01 sec
        Start 409: cfo_test_2
409/456 Test #409: cfo_test_2 ............................................   Passed    0.00 sec
        Start 410: dft_test
410/456 Test #410: dft_test ..............................................   Passed    0.07 sec
        Start 411: dft_reverse
411/456 Test #411: dft_reverse ...........................................   Passed    0.07 sec
        Start 412: dft_mirror
412/456 Test #412: dft_mirror ............................................   Passed    0.07 sec
        Start 413: dft_norm
413/456 Test #413: dft_norm ..............................................   Passed    0.07 sec
        Start 414: dft_dc
414/456 Test #414: dft_dc ................................................   Passed    0.07 sec
        Start 415: dft_odd
415/456 Test #415: dft_odd ...............................................   Passed    0.01 sec
        Start 416: dft_odd_dc
416/456 Test #416: dft_odd_dc ............................................   Passed    0.01 sec
        Start 417: algebra_2x2_zf_solver_test
417/456 Test #417: algebra_2x2_zf_solver_test ............................   Passed    0.00 sec
        Start 418: algebra_2x2_mmse_solver_test
418/456 Test #418: algebra_2x2_mmse_solver_test ..........................   Passed    0.00 sec
        Start 419: vector_test
419/456 Test #419: vector_test ...........................................   Passed    0.55 sec
        Start 420: ofdm_normal
420/456 Test #420: ofdm_normal ...........................................   Passed    1.41 sec
        Start 421: ofdm_extended
421/456 Test #421: ofdm_extended .........................................   Passed    1.22 sec
        Start 422: ofdm_normal_single
422/456 Test #422: ofdm_normal_single ....................................   Passed    0.09 sec
        Start 423: ofdm_extended_single
423/456 Test #423: ofdm_extended_single ..................................   Passed    0.05 sec
        Start 424: modem_bpsk
424/456 Test #424: modem_bpsk ............................................   Passed    0.00 sec
        Start 425: modem_qpsk
425/456 Test #425: modem_qpsk ............................................   Passed    0.00 sec
        Start 426: modem_qam16
426/456 Test #426: modem_qam16 ...........................................   Passed    0.00 sec
        Start 427: modem_qam64
427/456 Test #427: modem_qam64 ...........................................   Passed    0.00 sec
        Start 428: modem_bpsk_soft
428/456 Test #428: modem_bpsk_soft .......................................   Passed    0.00 sec
        Start 429: modem_qpsk_soft
429/456 Test #429: modem_qpsk_soft .......................................   Passed    0.00 sec
        Start 430: modem_qam16_soft
430/456 Test #430: modem_qam16_soft ......................................   Passed    0.00 sec
        Start 431: modem_qam64_soft
431/456 Test #431: modem_qam64_soft ......................................   Passed    0.00 sec
        Start 432: resample
432/456 Test #432: resample ..............................................   Passed    0.00 sec
        Start 433: scrambling_pbch_bit
433/456 Test #433: scrambling_pbch_bit ...................................   Passed    0.00 sec
        Start 434: scrambling_pbch_float
434/456 Test #434: scrambling_pbch_float .................................   Passed    0.00 sec
        Start 435: scrambling_pbch_e_bit
435/456 Test #435: scrambling_pbch_e_bit .................................   Passed    0.00 sec
        Start 436: scrambling_pbch_e_float
436/456 Test #436: scrambling_pbch_e_float ...............................   Passed    0.00 sec
        Start 437: srslte_asn1_rrc_mcch_test
437/456 Test #437: srslte_asn1_rrc_mcch_test .............................   Passed    0.00 sec
        Start 438: srslte_asn1_rrc_meas_test
438/456 Test #438: srslte_asn1_rrc_meas_test .............................   Passed    0.00 sec
        Start 439: logger_test
439/456 Test #439: logger_test ...........................................   Passed    0.01 sec
        Start 440: msg_queue_test
440/456 Test #440: msg_queue_test ........................................   Passed    1.12 sec
        Start 441: test_eea1
441/456 Test #441: test_eea1 .............................................   Passed    0.00 sec
        Start 442: test_eea2
442/456 Test #442: test_eea2 .............................................   Passed    0.00 sec
        Start 443: test_f12345
443/456 Test #443: test_f12345 ...........................................   Passed    0.00 sec
        Start 444: phy_dl_test
444/456 Test #444: phy_dl_test ...........................................***Exception: SegFault  0.58 sec
        Start 445: rlc_am_data_test
445/456 Test #445: rlc_am_data_test ......................................   Passed    0.00 sec
        Start 446: rlc_am_control_test
446/456 Test #446: rlc_am_control_test ...................................   Passed    0.00 sec
        Start 447: rlc_am_test
447/456 Test #447: rlc_am_test ...........................................   Passed    1.10 sec
        Start 448: rlc_am_stress_test
448/456 Test #448: rlc_am_stress_test ....................................   Passed    5.03 sec
        Start 449: rlc_um_stress_test
449/456 Test #449: rlc_um_stress_test ....................................   Passed    5.03 sec
        Start 450: rlc_tm_stress_test
450/456 Test #450: rlc_tm_stress_test ....................................   Passed    5.03 sec
        Start 451: rlc_um_data_test
451/456 Test #451: rlc_um_data_test ......................................   Passed    0.00 sec
        Start 452: rlc_um_test
452/456 Test #452: rlc_um_test ...........................................   Passed    0.05 sec
        Start 453: metrics_test
453/456 Test #453: metrics_test ..........................................   Passed    2.00 sec
        Start 454: usim_test
454/456 Test #454: usim_test .............................................   Passed    0.01 sec
        Start 455: rrc_reconfig_test
455/456 Test #455: rrc_reconfig_test .....................................   Passed    0.00 sec
        Start 456: nas_test
456/456 Test #456: nas_test ..............................................   Passed    0.07 sec

99% tests passed, 3 tests failed out of 456

Total Test time (real) = 116.48 sec

The following tests FAILED:
	151 - pdsch_pdcch_file_test (SEGFAULT)
	152 - pmch_file_test (SEGFAULT)
	444 - phy_dl_test (SEGFAULT)
Errors while running CTest
Makefile:140: recipe for target 'test' failed
make: *** [test] Error 8
